<?xml version="1.0" encoding="UTF-8"?>
<!-- Generated by org.testng.reporters.JUnitReportReporter -->
<testsuite hostname="G51W7R3" failures="0" tests="1" name="runner.TestRunner" time="13.581" errors="0" timestamp="2025-07-06T16:01:41 IST" skipped="0">
  <testcase classname="runner.TestRunner" name="runTest" time="13.581"/>
</testsuite> <!-- runner.TestRunner -->
